{"name": "test_right_way", "status": "broken", "statusDetails": {"message": "selenium.common.exceptions.TimeoutException: Message:", "trace": "tests\\test_shop.py:89: in test_right_way\n    WebDriverWait(browser, timeout=10, poll_frequency=1).until(\n        browser    = <selenium.webdriver.chrome.webdriver.WebDriver (session=\"6f767770f022e6ef9f0588adebf8640e\")>\n        cart_is_visible = 'block'\n        product    = <selenium.webdriver.remote.webelement.WebElement (session=\"6f767770f022e6ef9f0588adebf8640e\", element=\"9bbacccb-5774-498d-b3ed-d0fc68f052de\")>\n..\\..\\..\\..\\AppData\\Local\\Programs\\Python\\Python311\\Lib\\site-packages\\selenium\\webdriver\\support\\wait.py:95: in until\n    raise TimeoutException(message, screen, stacktrace)\nE   selenium.common.exceptions.TimeoutException: Message:\n        end_time   = 30422.734\n        message    = ''\n        method     = <function url_to_be.<locals>._predicate at 0x000000D1AB8C3D80>\n        screen     = None\n        self       = <selenium.webdriver.support.wait.WebDriverWait (session=\"6f767770f022e6ef9f0588adebf8640e\")>\n        stacktrace = None\n        value      = False"}, "description": "\n    Test case TC-4\n    ", "start": 1674570873609, "stop": 1674570889195, "uuid": "071f5700-63cc-4699-9967-9f055c857663", "historyId": "832350b147fac251f172289a626c5cba", "testCaseId": "7b8323124234f69a8fde1e3de50f452e", "fullName": "tests.test_shop#test_right_way", "labels": [{"name": "parentSuite", "value": "tests"}, {"name": "suite", "value": "test_shop"}, {"name": "host", "value": "михаил"}, {"name": "thread", "value": "11208-MainThread"}, {"name": "framework", "value": "pytest"}, {"name": "language", "value": "cpython3"}, {"name": "package", "value": "tests.test_shop"}]}