{"name": "test_products_group", "status": "broken", "statusDetails": {"message": "selenium.common.exceptions.ElementClickInterceptedException: Message: element click intercepted: Element <a href=\"https://test.qa.studio?products_group=sale\" class=\"tab-sale \">...</a> is not clickable at point (902, 748). Other element would receive the click: <div class=\"catalog-toolbar-tabs__content\">...</div>\n  (Session info: chrome=109.0.5414.75)\nStacktrace:\nBacktrace:\n\t(No symbol) [0x00CD6643]\n\t(No symbol) [0x00C6BE21]\n\t(No symbol) [0x00B6DA9D]\n\t(No symbol) [0x00BA92B2]\n\t(No symbol) [0x00BA6970]\n\t(No symbol) [0x00BA3E0B]\n\t(No symbol) [0x00BA2548]\n\t(No symbol) [0x00B96B13]\n\t(No symbol) [0x00BBFD7C]\n\t(No symbol) [0x00B9641F]\n\t(No symbol) [0x00BC00D4]\n\t(No symbol) [0x00BD6B09]\n\t(No symbol) [0x00BBFB76]\n\t(No symbol) [0x00B949C1]\n\t(No symbol) [0x00B95E5D]\n\tGetHandleVerifier [0x00F4A142+2497106]\n\tGetHandleVerifier [0x00F785D3+2686691]\n\tGetHandleVerifier [0x00F7BB9C+2700460]\n\tGetHandleVerifier [0x00D83B10+635936]\n\t(No symbol) [0x00C74A1F]\n\t(No symbol) [0x00C7A418]\n\t(No symbol) [0x00C7A505]\n\t(No symbol) [0x00C8508B]\n\tBaseThreadInitThunk [0x77026A24+36]\n\tRtlInitializeExceptionChain [0x7729A9FF+143]\n\tRtlInitializeExceptionChain [0x7729A9CA+90]", "trace": "tests\\test_shop.py:47: in test_products_group\n    element.click()\n        browser    = <selenium.webdriver.chrome.webdriver.WebDriver (session=\"6f767770f022e6ef9f0588adebf8640e\")>\n        element    = <selenium.webdriver.remote.webelement.WebElement (session=\"6f767770f022e6ef9f0588adebf8640e\", element=\"c4785ba4-c8a2-4eec-92c9-830a99ef19b2\")>\n        elements   = [<selenium.webdriver.remote.webelement.WebElement (session=\"6f767770f022e6ef9f0588adebf8640e\", element=\"04aad4b8-7608-...te.webelement.WebElement (session=\"6f767770f022e6ef9f0588adebf8640e\", element=\"136f7254-c7a6-406e-bb90-e1d8f44ebbcf\")>]\n        expected_menu = [('Все', '', \"[class='tab-all active']\"), ('Бестселлеры', '/?products_group=best_sellers', \"[class='tab-best_sellers '... '/?products_group=new', \"[class='tab-new ']\"), ('Распродажа товаров', '/?products_group=sale', \"[class='tab-sale ']\")]\n        item       = ('Распродажа товаров', '/?products_group=sale', \"[class='tab-sale ']\")\n        menu_element = \"[class='catalog-toolbar-tabs__content'] a\"\n..\\..\\..\\..\\AppData\\Local\\Programs\\Python\\Python311\\Lib\\site-packages\\selenium\\webdriver\\remote\\webelement.py:93: in click\n    self._execute(Command.CLICK_ELEMENT)\n        self       = <selenium.webdriver.remote.webelement.WebElement (session=\"6f767770f022e6ef9f0588adebf8640e\", element=\"c4785ba4-c8a2-4eec-92c9-830a99ef19b2\")>\n..\\..\\..\\..\\AppData\\Local\\Programs\\Python\\Python311\\Lib\\site-packages\\selenium\\webdriver\\remote\\webelement.py:403: in _execute\n    return self._parent.execute(command, params)\n        command    = 'clickElement'\n        params     = {'id': 'c4785ba4-c8a2-4eec-92c9-830a99ef19b2'}\n        self       = <selenium.webdriver.remote.webelement.WebElement (session=\"6f767770f022e6ef9f0588adebf8640e\", element=\"c4785ba4-c8a2-4eec-92c9-830a99ef19b2\")>\n..\\..\\..\\..\\AppData\\Local\\Programs\\Python\\Python311\\Lib\\site-packages\\selenium\\webdriver\\remote\\webdriver.py:440: in execute\n    self.error_handler.check_response(response)\n        driver_command = 'clickElement'\n        params     = {'id': 'c4785ba4-c8a2-4eec-92c9-830a99ef19b2'}\n        response   = {'status': 400, 'value': '{\"value\":{\"error\":\"element click intercepted\",\"message\":\"element click intercepted: Element ...77026A24+36]\\\\n\\\\tRtlInitializeExceptionChain [0x7729A9FF+143]\\\\n\\\\tRtlInitializeExceptionChain [0x7729A9CA+90]\\\\n\"}}'}\n        self       = <selenium.webdriver.chrome.webdriver.WebDriver (session=\"6f767770f022e6ef9f0588adebf8640e\")>\n..\\..\\..\\..\\AppData\\Local\\Programs\\Python\\Python311\\Lib\\site-packages\\selenium\\webdriver\\remote\\errorhandler.py:245: in check_response\n    raise exception_class(message, screen, stacktrace)\nE   selenium.common.exceptions.ElementClickInterceptedException: Message: element click intercepted: Element <a href=\"https://test.qa.studio?products_group=sale\" class=\"tab-sale \">...</a> is not clickable at point (902, 748). Other element would receive the click: <div class=\"catalog-toolbar-tabs__content\">...</div>\nE     (Session info: chrome=109.0.5414.75)\nE   Stacktrace:\nE   Backtrace:\nE   \t(No symbol) [0x00CD6643]\nE   \t(No symbol) [0x00C6BE21]\nE   \t(No symbol) [0x00B6DA9D]\nE   \t(No symbol) [0x00BA92B2]\nE   \t(No symbol) [0x00BA6970]\nE   \t(No symbol) [0x00BA3E0B]\nE   \t(No symbol) [0x00BA2548]\nE   \t(No symbol) [0x00B96B13]\nE   \t(No symbol) [0x00BBFD7C]\nE   \t(No symbol) [0x00B9641F]\nE   \t(No symbol) [0x00BC00D4]\nE   \t(No symbol) [0x00BD6B09]\nE   \t(No symbol) [0x00BBFB76]\nE   \t(No symbol) [0x00B949C1]\nE   \t(No symbol) [0x00B95E5D]\nE   \tGetHandleVerifier [0x00F4A142+2497106]\nE   \tGetHandleVerifier [0x00F785D3+2686691]\nE   \tGetHandleVerifier [0x00F7BB9C+2700460]\nE   \tGetHandleVerifier [0x00D83B10+635936]\nE   \t(No symbol) [0x00C74A1F]\nE   \t(No symbol) [0x00C7A418]\nE   \t(No symbol) [0x00C7A505]\nE   \t(No symbol) [0x00C8508B]\nE   \tBaseThreadInitThunk [0x77026A24+36]\nE   \tRtlInitializeExceptionChain [0x7729A9FF+143]\nE   \tRtlInitializeExceptionChain [0x7729A9CA+90]\n        exception_class = <class 'selenium.common.exceptions.ElementClickInterceptedException'>\n        json       = <module 'json' from 'C:\\\\Users\\\\михаил\\\\AppData\\\\Local\\\\Programs\\\\Python\\\\Python311\\\\Lib\\\\json\\\\__init__.py'>\n        message    = 'element click intercepted: Element <a href=\"https://test.qa.studio?products_group=sale\" class=\"tab-sale \">...</a> is ... would receive the click: <div class=\"catalog-toolbar-tabs__content\">...</div>\\n  (Session info: chrome=109.0.5414.75)'\n        response   = {'status': 400, 'value': '{\"value\":{\"error\":\"element click intercepted\",\"message\":\"element click intercepted: Element ...77026A24+36]\\\\n\\\\tRtlInitializeExceptionChain [0x7729A9FF+143]\\\\n\\\\tRtlInitializeExceptionChain [0x7729A9CA+90]\\\\n\"}}'}\n        screen     = None\n        self       = <selenium.webdriver.remote.errorhandler.ErrorHandler object at 0x000000D1AB8586D0>\n        st_value   = 'Backtrace:\\n\\t(No symbol) [0x00CD6643]\\n\\t(No symbol) [0x00C6BE21]\\n\\t(No symbol) [0x00B6DA9D]\\n\\t(No symbol) [0x00BA...Thunk [0x77026A24+36]\\n\\tRtlInitializeExceptionChain [0x7729A9FF+143]\\n\\tRtlInitializeExceptionChain [0x7729A9CA+90]\\n'\n        stacktrace = ['Backtrace:', '\\t(No symbol) [0x00CD6643]', '\\t(No symbol) [0x00C6BE21]', '\\t(No symbol) [0x00B6DA9D]', '\\t(No symbol) [0x00BA92B2]', '\\t(No symbol) [0x00BA6970]', ...]\n        status     = 'element click intercepted'\n        value      = {'error': 'element click intercepted', 'message': 'element click intercepted: Element <a href=\"https://test.qa.studio?...hunk [0x77026A24+36]\\n\\tRtlInitializeExceptionChain [0x7729A9FF+143]\\n\\tRtlInitializeExceptionChain [0x7729A9CA+90]\\n'}\n        value_json = '{\"value\":{\"error\":\"element click intercepted\",\"message\":\"element click intercepted: Element \\\\u003Ca href=\\\\\"https://...x77026A24+36]\\\\n\\\\tRtlInitializeExceptionChain [0x7729A9FF+143]\\\\n\\\\tRtlInitializeExceptionChain [0x7729A9CA+90]\\\\n\"}}'"}, "description": "\n    Test case TC-2\n    ", "start": 1674570866993, "stop": 1674570870695, "uuid": "29480897-368c-420b-99f9-529c98611fdd", "historyId": "09ac6b905e7ac66417c95d86a058a7ca", "testCaseId": "4fdd6adba16e950b161eae73ef4ccb14", "fullName": "tests.test_shop#test_products_group", "labels": [{"name": "parentSuite", "value": "tests"}, {"name": "suite", "value": "test_shop"}, {"name": "host", "value": "михаил"}, {"name": "thread", "value": "11208-MainThread"}, {"name": "framework", "value": "pytest"}, {"name": "language", "value": "cpython3"}, {"name": "package", "value": "tests.test_shop"}]}